[debug] [2023-04-14T14:34:33.866Z] ----------------------------------------------------------------------
[debug] [2023-04-14T14:34:33.868Z] Command:       C:\Program Files\nodejs\node.exe C:\Users\anna_\AppData\Roaming\npm\node_modules\firebase-tools\lib\bin\firebase.js serve --only functions
[debug] [2023-04-14T14:34:33.869Z] CLI Version:   11.27.0
[debug] [2023-04-14T14:34:33.869Z] Platform:      win32
[debug] [2023-04-14T14:34:33.869Z] Node Version:  v16.20.0
[debug] [2023-04-14T14:34:33.870Z] Time:          Fri Apr 14 2023 17:34:33 GMT+0300 (Israel Daylight Time)
[debug] [2023-04-14T14:34:33.870Z] ----------------------------------------------------------------------
[debug] 
[debug] [2023-04-14T14:34:33.951Z] > command requires scopes: ["email","openid","https://www.googleapis.com/auth/cloudplatformprojects.readonly","https://www.googleapis.com/auth/firebase","https://www.googleapis.com/auth/cloud-platform"]
[debug] [2023-04-14T14:34:33.951Z] > authorizing via signed-in user (huji.innovate.app@gmail.com)
[debug] [2023-04-14T14:34:33.951Z] [iam] checking project huji-innovate-app-7419c for permissions ["firebase.projects.get"]
[debug] [2023-04-14T14:34:33.954Z] >>> [apiv2][query] POST https://cloudresourcemanager.googleapis.com/v1/projects/huji-innovate-app-7419c:testIamPermissions [none]
[debug] [2023-04-14T14:34:33.954Z] >>> [apiv2][(partial)header] POST https://cloudresourcemanager.googleapis.com/v1/projects/huji-innovate-app-7419c:testIamPermissions x-goog-quota-user=projects/huji-innovate-app-7419c
[debug] [2023-04-14T14:34:33.955Z] >>> [apiv2][body] POST https://cloudresourcemanager.googleapis.com/v1/projects/huji-innovate-app-7419c:testIamPermissions {"permissions":["firebase.projects.get"]}
[debug] [2023-04-14T14:34:34.972Z] <<< [apiv2][status] POST https://cloudresourcemanager.googleapis.com/v1/projects/huji-innovate-app-7419c:testIamPermissions 200
[debug] [2023-04-14T14:34:34.972Z] <<< [apiv2][body] POST https://cloudresourcemanager.googleapis.com/v1/projects/huji-innovate-app-7419c:testIamPermissions {"permissions":["firebase.projects.get"]}
[debug] [2023-04-14T14:34:34.974Z] >>> [apiv2][query] GET https://firebase.googleapis.com/v1beta1/projects/huji-innovate-app-7419c [none]
[debug] [2023-04-14T14:34:35.312Z] <<< [apiv2][status] GET https://firebase.googleapis.com/v1beta1/projects/huji-innovate-app-7419c 200
[debug] [2023-04-14T14:34:35.312Z] <<< [apiv2][body] GET https://firebase.googleapis.com/v1beta1/projects/huji-innovate-app-7419c {"projectId":"huji-innovate-app-7419c","projectNumber":"211654656345","displayName":"HUJI Innovate App","name":"projects/huji-innovate-app-7419c","resources":{"hostingSite":"huji-innovate-app-7419c","storageBucket":"huji-innovate-app-7419c.appspot.com","locationId":"us-central"},"state":"ACTIVE","etag":"1_ba51bf83-a994-4751-ac90-069f2baa4fb1"}
[debug] [2023-04-14T14:34:35.317Z] defaultcredentials: writing to file C:\Users\anna_\AppData\Roaming\firebase\huji_innovate.app_gmail.com_application_default_credentials.json
[debug] [2023-04-14T14:34:35.318Z] Setting GAC to C:\Users\anna_\AppData\Roaming\firebase\huji_innovate.app_gmail.com_application_default_credentials.json {"metadata":{"emulator":{"name":"functions"},"message":"Setting GAC to C:\\Users\\anna_\\AppData\\Roaming\\firebase\\huji_innovate.app_gmail.com_application_default_credentials.json"}}
[debug] [2023-04-14T14:34:35.319Z] >>> [apiv2][query] GET https://firebase.googleapis.com/v1beta1/projects/huji-innovate-app-7419c/adminSdkConfig [none]
[debug] [2023-04-14T14:34:35.646Z] <<< [apiv2][status] GET https://firebase.googleapis.com/v1beta1/projects/huji-innovate-app-7419c/adminSdkConfig 200
[debug] [2023-04-14T14:34:35.647Z] <<< [apiv2][body] GET https://firebase.googleapis.com/v1beta1/projects/huji-innovate-app-7419c/adminSdkConfig {"projectId":"huji-innovate-app-7419c","storageBucket":"huji-innovate-app-7419c.appspot.com","locationId":"us-central"}
[info] i  functions: Watching "C:\Users\anna_\AHI\AHI-Room-Scheduler\functions" for Cloud Functions... {"metadata":{"emulator":{"name":"functions"},"message":"Watching \"C:\\Users\\anna_\\AHI\\AHI-Room-Scheduler\\functions\" for Cloud Functions..."}}
[debug] [2023-04-14T14:34:35.677Z] Validating nodejs source
[warn] !  functions: package.json indicates an outdated version of firebase-functions. Please upgrade using npm install --save firebase-functions@latest in your functions directory. 
[warn] !  functions: Please note that there will be breaking changes when you upgrade. 
[debug] [2023-04-14T14:34:37.101Z] > [functions] package.json contents: {
  "name": "functions",
  "description": "Cloud Functions for Firebase",
  "scripts": {
    "lint": "eslint .",
    "serve": "firebase emulators:start --only functions",
    "shell": "firebase functions:shell",
    "start": "npm run shell",
    "deploy": "firebase deploy --only functions",
    "logs": "firebase functions:log"
  },
  "engines": {
    "node": "16"
  },
  "main": "index.js",
  "dependencies": {
    "firebase-admin": "^10.0.2",
    "firebase-functions": "^3.18.0"
  },
  "devDependencies": {
    "eslint": "^8.9.0",
    "eslint-config-google": "^0.14.0",
    "firebase-functions-test": "^0.2.0"
  },
  "private": true
}
[debug] [2023-04-14T14:34:37.101Z] Building nodejs source
[debug] [2023-04-14T14:34:37.102Z] Failed to find version of module node: reached end of search path C:\Users\anna_\AHI\AHI-Room-Scheduler\functions\node_modules
[info] +  functions: Using node@16 from host. 
[debug] [2023-04-14T14:34:37.104Z] Could not find functions.yaml. Must use http discovery
[debug] [2023-04-14T14:34:37.111Z] Found firebase-functions binary at 'C:\Users\anna_\AHI\AHI-Room-Scheduler\functions\node_modules\.bin\firebase-functions'
[debug] [2023-04-14T14:34:37.393Z] Serving at port 8297

[debug] [2023-04-14T14:34:37.623Z] Got response from /__/functions.yaml {"endpoints":{"helloWorld":{"platform":"gcfv1","httpsTrigger":{},"entryPoint":"helloWorld"}},"specVersion":"v1alpha1","requiredAPIs":[]}
[debug] [2023-04-14T14:34:37.630Z] shutdown requested via /__/quitquitquit

[info] +  functions: Loaded functions definitions from source: helloWorld. {"metadata":{"emulator":{"name":"functions"},"message":"Loaded functions definitions from source: helloWorld."}}
[info] +  functions[us-central1-helloWorld]: http function initialized (http://localhost:5000/huji-innovate-app-7419c/us-central1/helloWorld). {"metadata":{"emulator":{"name":"functions"},"message":"\u001b[1mhttp\u001b[22m function initialized (http://localhost:5000/huji-innovate-app-7419c/us-central1/helloWorld)."}}
[debug] [2023-04-14T14:34:39.184Z] [work-queue] {"queuedWork":["/huji-innovate-app-7419c/us-central1/helloWorld-2023-04-14T14:34:39.184Z"],"queueLength":1,"runningWork":[],"workRunningCount":0}
[debug] [2023-04-14T14:34:39.185Z] [work-queue] {"queuedWork":[],"queueLength":0,"runningWork":["/huji-innovate-app-7419c/us-central1/helloWorld-2023-04-14T14:34:39.184Z"],"workRunningCount":1}
[debug] [2023-04-14T14:34:39.185Z] Accepted request GET /huji-innovate-app-7419c/us-central1/helloWorld --> us-central1-helloWorld
[debug] [2023-04-14T14:34:39.188Z] [functions] Runtime ready! Sending request! {"metadata":{"emulator":{"name":"functions"},"message":"[functions] Runtime ready! Sending request!"}}
[debug] [2023-04-14T14:34:39.189Z] [functions] Got req.url=/huji-innovate-app-7419c/us-central1/helloWorld, mapping to path=/ {"metadata":{"emulator":{"name":"functions"},"message":"[functions] Got req.url=/huji-innovate-app-7419c/us-central1/helloWorld, mapping to path=/"}}
[debug] [2023-04-14T14:34:39.200Z] [worker-pool] addWorker(us-central1-helloWorld) {"metadata":{"emulator":{"name":"functions"},"message":"[worker-pool] addWorker(us-central1-helloWorld)"}}
[debug] [2023-04-14T14:34:39.202Z] [worker-pool] Adding worker with key us-central1-helloWorld, total=1 {"metadata":{"emulator":{"name":"functions"},"message":"[worker-pool] Adding worker with key us-central1-helloWorld, total=1"}}
[debug] [2023-04-14T14:34:41.268Z] [runtime-status] [7288] Resolved module firebase-admin {"declared":true,"installed":true,"version":"10.3.0","resolution":"C:\\Users\\anna_\\AHI\\AHI-Room-Scheduler\\functions\\node_modules\\firebase-admin\\lib\\index.js"} {"metadata":{"emulator":{"name":"functions"},"function":{"name":"us-central1-helloWorld"},"extension":{},"message":"[runtime-status] [7288] Resolved module firebase-admin {\"declared\":true,\"installed\":true,\"version\":\"10.3.0\",\"resolution\":\"C:\\\\Users\\\\anna_\\\\AHI\\\\AHI-Room-Scheduler\\\\functions\\\\node_modules\\\\firebase-admin\\\\lib\\\\index.js\"}"}}
[debug] [2023-04-14T14:34:41.269Z] [runtime-status] [7288] Resolved module firebase-functions {"declared":true,"installed":true,"version":"3.24.1","resolution":"C:\\Users\\anna_\\AHI\\AHI-Room-Scheduler\\functions\\node_modules\\firebase-functions\\lib\\index.js"} {"metadata":{"emulator":{"name":"functions"},"function":{"name":"us-central1-helloWorld"},"extension":{},"message":"[runtime-status] [7288] Resolved module firebase-functions {\"declared\":true,\"installed\":true,\"version\":\"3.24.1\",\"resolution\":\"C:\\\\Users\\\\anna_\\\\AHI\\\\AHI-Room-Scheduler\\\\functions\\\\node_modules\\\\firebase-functions\\\\lib\\\\index.js\"}"}}
[debug] [2023-04-14T14:34:41.270Z] [runtime-status] [7288] Outgoing network have been stubbed. [{"name":"http","status":"mocked"},{"name":"http","status":"mocked"},{"name":"https","status":"mocked"},{"name":"https","status":"mocked"},{"name":"net","status":"mocked"}] {"metadata":{"emulator":{"name":"functions"},"function":{"name":"us-central1-helloWorld"},"extension":{},"message":"[runtime-status] [7288] Outgoing network have been stubbed. [{\"name\":\"http\",\"status\":\"mocked\"},{\"name\":\"http\",\"status\":\"mocked\"},{\"name\":\"https\",\"status\":\"mocked\"},{\"name\":\"https\",\"status\":\"mocked\"},{\"name\":\"net\",\"status\":\"mocked\"}]"}}
[debug] [2023-04-14T14:34:41.270Z] [runtime-status] [7288] Resolved module firebase-functions {"declared":true,"installed":true,"version":"3.24.1","resolution":"C:\\Users\\anna_\\AHI\\AHI-Room-Scheduler\\functions\\node_modules\\firebase-functions\\lib\\index.js"} {"metadata":{"emulator":{"name":"functions"},"function":{"name":"us-central1-helloWorld"},"extension":{},"message":"[runtime-status] [7288] Resolved module firebase-functions {\"declared\":true,\"installed\":true,\"version\":\"3.24.1\",\"resolution\":\"C:\\\\Users\\\\anna_\\\\AHI\\\\AHI-Room-Scheduler\\\\functions\\\\node_modules\\\\firebase-functions\\\\lib\\\\index.js\"}"}}
[debug] [2023-04-14T14:34:41.320Z] [runtime-status] [7288] Checked functions.config() {"config":{}} {"metadata":{"emulator":{"name":"functions"},"function":{"name":"us-central1-helloWorld"},"extension":{},"message":"[runtime-status] [7288] Checked functions.config() {\"config\":{}}"}}
[debug] [2023-04-14T14:34:41.320Z] [runtime-status] [7288] firebase-functions has been stubbed. {"functionsResolution":{"declared":true,"installed":true,"version":"3.24.1","resolution":"C:\\Users\\anna_\\AHI\\AHI-Room-Scheduler\\functions\\node_modules\\firebase-functions\\lib\\index.js"}} {"metadata":{"emulator":{"name":"functions"},"function":{"name":"us-central1-helloWorld"},"extension":{},"message":"[runtime-status] [7288] firebase-functions has been stubbed. {\"functionsResolution\":{\"declared\":true,\"installed\":true,\"version\":\"3.24.1\",\"resolution\":\"C:\\\\Users\\\\anna_\\\\AHI\\\\AHI-Room-Scheduler\\\\functions\\\\node_modules\\\\firebase-functions\\\\lib\\\\index.js\"}}"}}
[debug] [2023-04-14T14:34:41.321Z] [runtime-status] [7288] Resolved module firebase-functions {"declared":true,"installed":true,"version":"3.24.1","resolution":"C:\\Users\\anna_\\AHI\\AHI-Room-Scheduler\\functions\\node_modules\\firebase-functions\\lib\\index.js"} {"metadata":{"emulator":{"name":"functions"},"function":{"name":"us-central1-helloWorld"},"extension":{},"message":"[runtime-status] [7288] Resolved module firebase-functions {\"declared\":true,\"installed\":true,\"version\":\"3.24.1\",\"resolution\":\"C:\\\\Users\\\\anna_\\\\AHI\\\\AHI-Room-Scheduler\\\\functions\\\\node_modules\\\\firebase-functions\\\\lib\\\\index.js\"}"}}
[debug] [2023-04-14T14:34:41.323Z] [runtime-status] [7288] Resolved module firebase-admin {"declared":true,"installed":true,"version":"10.3.0","resolution":"C:\\Users\\anna_\\AHI\\AHI-Room-Scheduler\\functions\\node_modules\\firebase-admin\\lib\\index.js"} {"metadata":{"emulator":{"name":"functions"},"function":{"name":"us-central1-helloWorld"},"extension":{},"message":"[runtime-status] [7288] Resolved module firebase-admin {\"declared\":true,\"installed\":true,\"version\":\"10.3.0\",\"resolution\":\"C:\\\\Users\\\\anna_\\\\AHI\\\\AHI-Room-Scheduler\\\\functions\\\\node_modules\\\\firebase-admin\\\\lib\\\\index.js\"}"}}
[debug] [2023-04-14T14:34:41.324Z] [runtime-status] [7288] Resolved module firebase-functions {"declared":true,"installed":true,"version":"3.24.1","resolution":"C:\\Users\\anna_\\AHI\\AHI-Room-Scheduler\\functions\\node_modules\\firebase-functions\\lib\\index.js"} {"metadata":{"emulator":{"name":"functions"},"function":{"name":"us-central1-helloWorld"},"extension":{},"message":"[runtime-status] [7288] Resolved module firebase-functions {\"declared\":true,\"installed\":true,\"version\":\"3.24.1\",\"resolution\":\"C:\\\\Users\\\\anna_\\\\AHI\\\\AHI-Room-Scheduler\\\\functions\\\\node_modules\\\\firebase-functions\\\\lib\\\\index.js\"}"}}
[debug] [2023-04-14T14:34:41.324Z] [runtime-status] [7288] firebase-admin has been stubbed. {"adminResolution":{"declared":true,"installed":true,"version":"10.3.0","resolution":"C:\\Users\\anna_\\AHI\\AHI-Room-Scheduler\\functions\\node_modules\\firebase-admin\\lib\\index.js"}} {"metadata":{"emulator":{"name":"functions"},"function":{"name":"us-central1-helloWorld"},"extension":{},"message":"[runtime-status] [7288] firebase-admin has been stubbed. {\"adminResolution\":{\"declared\":true,\"installed\":true,\"version\":\"10.3.0\",\"resolution\":\"C:\\\\Users\\\\anna_\\\\AHI\\\\AHI-Room-Scheduler\\\\functions\\\\node_modules\\\\firebase-admin\\\\lib\\\\index.js\"}}"}}
[debug] [2023-04-14T14:34:41.468Z] [runtime-status] [7288] initializeApp(DEFAULT) {"storageBucket":"huji-innovate-app-7419c.appspot.com","projectId":"huji-innovate-app-7419c"} {"metadata":{"emulator":{"name":"functions"},"function":{"name":"us-central1-helloWorld"},"extension":{},"message":"[runtime-status] [7288] initializeApp(DEFAULT) {\"storageBucket\":\"huji-innovate-app-7419c.appspot.com\",\"projectId\":\"huji-innovate-app-7419c\"}"}}
[debug] [2023-04-14T14:34:41.475Z] [runtime-status] [7288] Functions runtime initialized. {"cwd":"C:\\Users\\anna_\\AHI\\AHI-Room-Scheduler\\functions","node_version":"16.20.0"} {"metadata":{"emulator":{"name":"functions"},"function":{"name":"us-central1-helloWorld"},"extension":{},"message":"[runtime-status] [7288] Functions runtime initialized. {\"cwd\":\"C:\\\\Users\\\\anna_\\\\AHI\\\\AHI-Room-Scheduler\\\\functions\",\"node_version\":\"16.20.0\"}"}}
[debug] [2023-04-14T14:34:41.475Z] [runtime-status] [7288] Listening to port: \\?\pipe\fire_emu_ee67af767be33d6a {"metadata":{"emulator":{"name":"functions"},"function":{"name":"us-central1-helloWorld"},"extension":{},"message":"[runtime-status] [7288] Listening to port: \\\\?\\pipe\\fire_emu_ee67af767be33d6a"}}
[debug] [2023-04-14T14:34:41.529Z] [worker-us-central1-helloWorld-ef68077d-3dc7-4fe5-8de9-63bdfeb76704]: IDLE {"metadata":{"emulator":{"name":"functions"},"function":{"name":"us-central1-helloWorld"},"extension":{},"message":"[worker-us-central1-helloWorld-ef68077d-3dc7-4fe5-8de9-63bdfeb76704]: IDLE"}}
[debug] [2023-04-14T14:34:41.529Z] [worker-pool] submitRequest(triggerId=us-central1-helloWorld) {"metadata":{"emulator":{"name":"functions"},"message":"[worker-pool] submitRequest(triggerId=us-central1-helloWorld)"}}
[info] i  functions: Beginning execution of "us-central1-helloWorld" {"metadata":{"emulator":{"name":"functions"},"function":{"name":"us-central1-helloWorld"},"extension":{},"message":"Beginning execution of \"us-central1-helloWorld\""}}
[debug] [2023-04-14T14:34:41.530Z] [worker-us-central1-helloWorld-ef68077d-3dc7-4fe5-8de9-63bdfeb76704]: BUSY {"metadata":{"emulator":{"name":"functions"},"function":{"name":"us-central1-helloWorld"},"extension":{},"message":"[worker-us-central1-helloWorld-ef68077d-3dc7-4fe5-8de9-63bdfeb76704]: BUSY"}}
[info] >  {"structuredData":true,"severity":"INFO","message":"Hello logs!"} {"user":{"structuredData":true,"severity":"INFO","message":"Hello logs!"},"metadata":{"emulator":{"name":"functions"},"function":{"name":"us-central1-helloWorld"},"extension":{},"message":"\u001b[90m> \u001b[39m {\"structuredData\":true,\"severity\":\"INFO\",\"message\":\"Hello logs!\"}"}}
[info] i  functions: Finished "us-central1-helloWorld" in 12.786ms {"metadata":{"emulator":{"name":"functions"},"function":{"name":"us-central1-helloWorld"},"extension":{},"message":"Finished \"us-central1-helloWorld\" in 12.786ms"}}
[debug] [2023-04-14T14:34:41.544Z] [worker-us-central1-helloWorld-ef68077d-3dc7-4fe5-8de9-63bdfeb76704]: IDLE {"metadata":{"emulator":{"name":"functions"},"function":{"name":"us-central1-helloWorld"},"extension":{},"message":"[worker-us-central1-helloWorld-ef68077d-3dc7-4fe5-8de9-63bdfeb76704]: IDLE"}}
[debug] [2023-04-14T14:34:41.544Z] [work-queue] {"queuedWork":[],"queueLength":0,"runningWork":[],"workRunningCount":0}
[info] >  Successfully updated user { {"user":"Successfully updated user {","metadata":{"emulator":{"name":"functions"},"function":{"name":"us-central1-helloWorld"},"extension":{},"message":"\u001b[90m> \u001b[39m Successfully updated user {"}}
[info] >    uid: 'Rg6pLWjNXTVnkKMoOtv8u26W6fB2', {"user":"  uid: 'Rg6pLWjNXTVnkKMoOtv8u26W6fB2',","metadata":{"emulator":{"name":"functions"},"function":{"name":"us-central1-helloWorld"},"extension":{},"message":"\u001b[90m> \u001b[39m   uid: 'Rg6pLWjNXTVnkKMoOtv8u26W6fB2',"}}
[info] >    email: 'qwe@mail.com', {"user":"  email: 'qwe@mail.com',","metadata":{"emulator":{"name":"functions"},"function":{"name":"us-central1-helloWorld"},"extension":{},"message":"\u001b[90m> \u001b[39m   email: 'qwe@mail.com',"}}
[info] >    emailVerified: false, {"user":"  emailVerified: false,","metadata":{"emulator":{"name":"functions"},"function":{"name":"us-central1-helloWorld"},"extension":{},"message":"\u001b[90m> \u001b[39m   emailVerified: false,"}}
[info] >    displayName: 'qw e', {"user":"  displayName: 'qw e',","metadata":{"emulator":{"name":"functions"},"function":{"name":"us-central1-helloWorld"},"extension":{},"message":"\u001b[90m> \u001b[39m   displayName: 'qw e',"}}
[info] >    photoURL: undefined, {"user":"  photoURL: undefined,","metadata":{"emulator":{"name":"functions"},"function":{"name":"us-central1-helloWorld"},"extension":{},"message":"\u001b[90m> \u001b[39m   photoURL: undefined,"}}
[info] >    phoneNumber: undefined, {"user":"  phoneNumber: undefined,","metadata":{"emulator":{"name":"functions"},"function":{"name":"us-central1-helloWorld"},"extension":{},"message":"\u001b[90m> \u001b[39m   phoneNumber: undefined,"}}
[info] >    disabled: true, {"user":"  disabled: true,","metadata":{"emulator":{"name":"functions"},"function":{"name":"us-central1-helloWorld"},"extension":{},"message":"\u001b[90m> \u001b[39m   disabled: true,"}}
[info] >    metadata: { {"user":"  metadata: {","metadata":{"emulator":{"name":"functions"},"function":{"name":"us-central1-helloWorld"},"extension":{},"message":"\u001b[90m> \u001b[39m   metadata: {"}}
[info] >      lastSignInTime: 'Thu, 13 Apr 2023 11:22:27 GMT', {"user":"    lastSignInTime: 'Thu, 13 Apr 2023 11:22:27 GMT',","metadata":{"emulator":{"name":"functions"},"function":{"name":"us-central1-helloWorld"},"extension":{},"message":"\u001b[90m> \u001b[39m     lastSignInTime: 'Thu, 13 Apr 2023 11:22:27 GMT',"}}
[info] >      creationTime: 'Thu, 13 Apr 2023 11:04:18 GMT' {"user":"    creationTime: 'Thu, 13 Apr 2023 11:04:18 GMT'","metadata":{"emulator":{"name":"functions"},"function":{"name":"us-central1-helloWorld"},"extension":{},"message":"\u001b[90m> \u001b[39m     creationTime: 'Thu, 13 Apr 2023 11:04:18 GMT'"}}
[info] >    }, {"user":"  },","metadata":{"emulator":{"name":"functions"},"function":{"name":"us-central1-helloWorld"},"extension":{},"message":"\u001b[90m> \u001b[39m   },"}}
[info] >    passwordHash: undefined, {"user":"  passwordHash: undefined,","metadata":{"emulator":{"name":"functions"},"function":{"name":"us-central1-helloWorld"},"extension":{},"message":"\u001b[90m> \u001b[39m   passwordHash: undefined,"}}
[info] >    passwordSalt: undefined, {"user":"  passwordSalt: undefined,","metadata":{"emulator":{"name":"functions"},"function":{"name":"us-central1-helloWorld"},"extension":{},"message":"\u001b[90m> \u001b[39m   passwordSalt: undefined,"}}
[info] >    customClaims: undefined, {"user":"  customClaims: undefined,","metadata":{"emulator":{"name":"functions"},"function":{"name":"us-central1-helloWorld"},"extension":{},"message":"\u001b[90m> \u001b[39m   customClaims: undefined,"}}
[info] >    tokensValidAfterTime: 'Thu, 13 Apr 2023 11:04:18 GMT', {"user":"  tokensValidAfterTime: 'Thu, 13 Apr 2023 11:04:18 GMT',","metadata":{"emulator":{"name":"functions"},"function":{"name":"us-central1-helloWorld"},"extension":{},"message":"\u001b[90m> \u001b[39m   tokensValidAfterTime: 'Thu, 13 Apr 2023 11:04:18 GMT',"}}
[info] >    tenantId: undefined, {"user":"  tenantId: undefined,","metadata":{"emulator":{"name":"functions"},"function":{"name":"us-central1-helloWorld"},"extension":{},"message":"\u001b[90m> \u001b[39m   tenantId: undefined,"}}
[info] >    providerData: [ {"user":"  providerData: [","metadata":{"emulator":{"name":"functions"},"function":{"name":"us-central1-helloWorld"},"extension":{},"message":"\u001b[90m> \u001b[39m   providerData: ["}}
[info] >      { {"user":"    {","metadata":{"emulator":{"name":"functions"},"function":{"name":"us-central1-helloWorld"},"extension":{},"message":"\u001b[90m> \u001b[39m     {"}}
[info] >        uid: 'qwe@mail.com', {"user":"      uid: 'qwe@mail.com',","metadata":{"emulator":{"name":"functions"},"function":{"name":"us-central1-helloWorld"},"extension":{},"message":"\u001b[90m> \u001b[39m       uid: 'qwe@mail.com',"}}
[info] >        displayName: 'qw e', {"user":"      displayName: 'qw e',","metadata":{"emulator":{"name":"functions"},"function":{"name":"us-central1-helloWorld"},"extension":{},"message":"\u001b[90m> \u001b[39m       displayName: 'qw e',"}}
[info] >        email: 'qwe@mail.com', {"user":"      email: 'qwe@mail.com',","metadata":{"emulator":{"name":"functions"},"function":{"name":"us-central1-helloWorld"},"extension":{},"message":"\u001b[90m> \u001b[39m       email: 'qwe@mail.com',"}}
[info] >        photoURL: undefined, {"user":"      photoURL: undefined,","metadata":{"emulator":{"name":"functions"},"function":{"name":"us-central1-helloWorld"},"extension":{},"message":"\u001b[90m> \u001b[39m       photoURL: undefined,"}}
[info] >        providerId: 'password', {"user":"      providerId: 'password',","metadata":{"emulator":{"name":"functions"},"function":{"name":"us-central1-helloWorld"},"extension":{},"message":"\u001b[90m> \u001b[39m       providerId: 'password',"}}
[info] >        phoneNumber: undefined {"user":"      phoneNumber: undefined","metadata":{"emulator":{"name":"functions"},"function":{"name":"us-central1-helloWorld"},"extension":{},"message":"\u001b[90m> \u001b[39m       phoneNumber: undefined"}}
[info] >      } {"user":"    }","metadata":{"emulator":{"name":"functions"},"function":{"name":"us-central1-helloWorld"},"extension":{},"message":"\u001b[90m> \u001b[39m     }"}}
[info] >    ] {"user":"  ]","metadata":{"emulator":{"name":"functions"},"function":{"name":"us-central1-helloWorld"},"extension":{},"message":"\u001b[90m> \u001b[39m   ]"}}
[info] >  } {"user":"}","metadata":{"emulator":{"name":"functions"},"function":{"name":"us-central1-helloWorld"},"extension":{},"message":"\u001b[90m> \u001b[39m }"}}
